<?xml version="1.0" encoding="UTF-8"?>
<!-- Generated by org.testng.reporters.JUnitReportReporter -->
<testsuite hostname="Vishwajit" failures="0" tests="1" name="maven.testNG.parallelCase1" time="6.961" errors="0" timestamp="06 Sep 2024 18:34:23 GMT" skipped="0">
  <testcase classname="maven.testNG.parallelCase1" name="verifyLogin" time="6.961"/>
</testsuite> <!-- maven.testNG.parallelCase1 -->
