<?xml version="1.0" encoding="UTF-8"?>
<!-- Generated by org.testng.reporters.JUnitReportReporter -->
<testsuite hostname="Vishwajit" failures="0" tests="3" name="maven.testNG.dataProvider" time="49.275" errors="0" timestamp="06 Sep 2024 12:04:08 GMT" skipped="0">
  <testcase classname="maven.testNG.dataProvider" name="dataReceiver" time="18.403"/>
  <testcase classname="maven.testNG.dataProvider" name="dataReceiver" time="12.499"/>
  <testcase classname="maven.testNG.dataProvider" name="dataReceiver" time="18.373"/>
</testsuite> <!-- maven.testNG.dataProvider -->
