<?xml version="1.0" encoding="UTF-8"?>
<!-- Generated by org.testng.reporters.JUnitReportReporter -->
<testsuite hostname="Vishwajit" failures="0" tests="2" name="myPackage.annotation" time="0.013" errors="0" timestamp="05 Sep 2024 14:37:12 GMT" skipped="0">
  <testcase classname="myPackage.annotation" name="test2" time="0.002"/>
  <testcase classname="myPackage.annotation" name="test" time="0.011"/>
</testsuite> <!-- myPackage.annotation -->
