<?xml version="1.0" encoding="UTF-8"?>
<!-- Generated by org.testng.reporters.JUnitReportReporter -->
<testsuite hostname="Vishwajit" failures="0" tests="5" name="myPackage.innovationCount" time="21.443" errors="0" timestamp="07 Sep 2024 11:11:07 GMT" skipped="0">
  <testcase classname="myPackage.innovationCount" name="verifyLogin" time="4.123"/>
  <testcase classname="myPackage.innovationCount" name="verifyLogin" time="4.919"/>
  <testcase classname="myPackage.innovationCount" name="verifyLogin" time="3.926"/>
  <testcase classname="myPackage.innovationCount" name="verifyLogin" time="4.210"/>
  <testcase classname="myPackage.innovationCount" name="verifyLogin" time="4.265"/>
</testsuite> <!-- myPackage.innovationCount -->
