<?xml version="1.0" encoding="UTF-8"?>
<!-- Generated by org.testng.reporters.JUnitReportReporter -->
<testsuite hostname="Vishwajit" failures="0" tests="2" name="batchTesting.LoginTest" time="0.003" errors="0" timestamp="06 Sep 2024 22:03:44 GMT" skipped="0">
  <testcase classname="batchTesting.LoginTest" name="LoginViaEmail" time="0.002"/>
  <testcase classname="batchTesting.LoginTest" name="LoginViaMobile" time="0.001"/>
</testsuite> <!-- batchTesting.LoginTest -->
