<?xml version="1.0" encoding="UTF-8"?>
<!-- Generated by org.testng.reporters.JUnitReportReporter -->
<testsuite hostname="Vishwajit" failures="0" tests="2" name="maven.testNG.parallelCase2" time="10.623" errors="0" timestamp="06 Sep 2024 18:34:23 GMT" skipped="0">
  <testcase classname="maven.testNG.parallelCase2" name="verifyTitle" time="3.934"/>
  <testcase classname="maven.testNG.parallelCase2" name="verifyLogo" time="6.689"/>
</testsuite> <!-- maven.testNG.parallelCase2 -->
