<?xml version="1.0" encoding="UTF-8"?>
<!-- Generated by org.testng.reporters.JUnitReportReporter -->
<testsuite hostname="Vishwajit" failures="0" tests="1" name="myPackage.verifyTitle" time="14.475" errors="0" timestamp="2024-09-23T00:41:25 IST" skipped="0">
  <testcase classname="myPackage.verifyTitle" name="title" time="14.475"/>
  <system-out/>
</testsuite> <!-- myPackage.verifyTitle -->
