<?xml version="1.0" encoding="UTF-8"?>
<!-- Generated by org.testng.reporters.JUnitReportReporter -->
<testsuite hostname="Vishwajit" failures="0" tests="4" name="myPackage.attributes" time="0.228" errors="1" timestamp="05 Sep 2024 17:44:50 GMT" skipped="1">
  <testcase classname="myPackage.attributes" name="play" time="0.008"/>
  <testcase classname="myPackage.attributes" name="stop" time="0.000">
    <skipped/>
  </testcase> <!-- stop -->
  <testcase classname="myPackage.attributes" name="waiT" time="0.213">
    <error message="Method myPackage.attributes.waiT() didn&#039;t finish within the time-out 200" type="org.testng.internal.thread.ThreadTimeoutException">
      <![CDATA[org.testng.internal.thread.ThreadTimeoutException: Method myPackage.attributes.waiT() didn't finish within the time-out 200
at java.base@17.0.10/sun.invoke.util.Wrapper.isIntegral(Wrapper.java:123)
at java.base@17.0.10/sun.invoke.util.Wrapper.isSubwordOrInt(Wrapper.java:125)
at java.base@17.0.10/java.lang.invoke.MethodTypeForm.<init>(MethodTypeForm.java:170)
at java.base@17.0.10/java.lang.invoke.MethodTypeForm.findForm(MethodTypeForm.java:223)
at java.base@17.0.10/java.lang.invoke.MethodType.makeImpl(MethodType.java:356)
at java.base@17.0.10/java.lang.invoke.MethodTypeForm.<init>(MethodTypeForm.java:197)
at java.base@17.0.10/java.lang.invoke.MethodTypeForm.findForm(MethodTypeForm.java:223)
at java.base@17.0.10/java.lang.invoke.MethodType.makeImpl(MethodType.java:356)
at java.base@17.0.10/java.lang.invoke.MethodTypeForm.canonicalize(MethodTypeForm.java:253)
at java.base@17.0.10/java.lang.invoke.MethodTypeForm.findForm(MethodTypeForm.java:220)
at java.base@17.0.10/java.lang.invoke.MethodType.makeImpl(MethodType.java:356)
at java.base@17.0.10/java.lang.invoke.MethodHandleNatives.varHandleOperationLinkerMethod(MethodHandleNatives.java:567)
at java.base@17.0.10/java.lang.invoke.MethodHandleNatives.linkMethodImpl(MethodHandleNatives.java:485)
at java.base@17.0.10/java.lang.invoke.MethodHandleNatives.linkMethod(MethodHandleNatives.java:473)
at java.base@17.0.10/java.util.concurrent.FutureTask.setException(FutureTask.java:247)
at java.base@17.0.10/java.util.concurrent.FutureTask.run(FutureTask.java:269)
at java.base@17.0.10/java.util.concurrent.ThreadPoolExecutor.runWorker(ThreadPoolExecutor.java:1136)
at java.base@17.0.10/java.util.concurrent.ThreadPoolExecutor$Worker.run(ThreadPoolExecutor.java:635)
at java.base@17.0.10/java.lang.Thread.run(Thread.java:842)
]]>
    </error>
  </testcase> <!-- waiT -->
  <testcase classname="myPackage.attributes" name="run" time="0.007"/>
</testsuite> <!-- myPackage.attributes -->
