<?xml version="1.0" encoding="UTF-8"?>
<!-- Generated by org.testng.reporters.JUnitReportReporter -->
<testsuite hostname="Vishwajit" failures="0" tests="3" name="batchTesting.HomeScreenTest" time="0.014" errors="0" timestamp="06 Sep 2024 22:03:44 GMT" skipped="0">
  <testcase classname="batchTesting.HomeScreenTest" name="VerfyTitle" time="0.002"/>
  <testcase classname="batchTesting.HomeScreenTest" name="VerifyLogo" time="0.003"/>
  <testcase classname="batchTesting.HomeScreenTest" name="LaunchApp" time="0.009"/>
</testsuite> <!-- batchTesting.HomeScreenTest -->
