<?xml version="1.0" encoding="UTF-8"?>
<!-- Generated by org.testng.reporters.JUnitReportReporter -->
<testsuite hostname="Vishwajit" failures="0" tests="2" name="maven.testNG.LoanService" time="0.008" errors="0" timestamp="05 Sep 2024 13:58:50 GMT" skipped="0">
  <testcase classname="maven.testNG.LoanService" name="MobileLoginPersonalLoan" time="0.001"/>
  <testcase classname="maven.testNG.LoanService" name="MobileLoginCarLoan" time="0.007"/>
</testsuite> <!-- maven.testNG.LoanService -->
