<?xml version="1.0" encoding="UTF-8"?>
<!-- Generated by org.testng.reporters.JUnitReportReporter -->
<testsuite hostname="Vishwajit" failures="0" tests="1" name="Assertions.HardAndSoftAssertion" time="9.801" errors="0" timestamp="09 Sep 2024 18:57:22 GMT" skipped="0">
  <testcase classname="Assertions.HardAndSoftAssertion" name="HardAssertion" time="9.801"/>
</testsuite> <!-- Assertions.HardAndSoftAssertion -->
