<?xml version="1.0" encoding="UTF-8"?>
<!-- Generated by org.testng.reporters.JUnitReportReporter -->
<testsuite hostname="Vishwajit" failures="0" tests="2" name="maven.testNG.googleChromeValidation" time="28.287" errors="0" timestamp="05 Sep 2024 19:13:17 GMT" skipped="0">
  <testcase classname="maven.testNG.googleChromeValidation" name="searchBar" time="12.987"/>
  <testcase classname="maven.testNG.googleChromeValidation" name="searchBar" time="15.300"/>
</testsuite> <!-- maven.testNG.googleChromeValidation -->
