<?xml version="1.0" encoding="UTF-8"?>
<!-- Generated by org.testng.reporters.JUnitReportReporter -->
<testsuite hostname="Vishwajit" failures="0" tests="3" name="batchTesting.ProductPageTest" time="0.004" errors="0" timestamp="06 Sep 2024 22:03:44 GMT" skipped="0">
  <testcase classname="batchTesting.ProductPageTest" name="AddProductToCart" time="0.002"/>
  <testcase classname="batchTesting.ProductPageTest" name="AddProductToWishList" time="0.001"/>
  <testcase classname="batchTesting.ProductPageTest" name="SelectQuantity" time="0.001"/>
</testsuite> <!-- batchTesting.ProductPageTest -->
