<?xml version="1.0" encoding="UTF-8"?>
<!-- Generated by org.testng.reporters.JUnitReportReporter -->
<testsuite hostname="Vishwajit" failures="0" tests="1" name="myPackage.verifyTitle" time="8.929" errors="0" timestamp="05 Sep 2024 13:10:35 GMT" skipped="0">
  <testcase classname="myPackage.verifyTitle" name="title" time="8.929"/>
</testsuite> <!-- myPackage.verifyTitle -->
