<?xml version="1.0" encoding="UTF-8"?>
<!-- Generated by org.testng.reporters.JUnitReportReporter -->
<testsuite hostname="Vishwajit" failures="0" tests="2" name="batchTesting.PaymentPageTest" time="0.004" errors="0" timestamp="06 Sep 2024 22:03:44 GMT" skipped="0">
  <testcase classname="batchTesting.PaymentPageTest" name="CreditCard" time="0.001"/>
  <testcase classname="batchTesting.PaymentPageTest" name="NetBanking" time="0.003"/>
</testsuite> <!-- batchTesting.PaymentPageTest -->
