<?xml version="1.0" encoding="UTF-8"?>
<!-- Generated by org.testng.reporters.JUnitReportReporter -->
<testsuite hostname="Vishwajit" failures="0" tests="1" name="testCase.verifyTitle" time="9.557" errors="0" timestamp="03 Sep 2024 18:41:36 GMT" skipped="0">
  <testcase classname="testCase.verifyTitle" name="title" time="9.557"/>
</testsuite> <!-- testCase.verifyTitle -->
