<?xml version="1.0" encoding="UTF-8"?>
<!-- Generated by org.testng.reporters.JUnitReportReporter -->
<testsuite hostname="Vishwajit" failures="0" tests="2" name="myPackage.annotations" time="0.007" errors="0" timestamp="05 Sep 2024 14:37:12 GMT" skipped="0">
  <testcase classname="myPackage.annotations" name="test" time="0.004"/>
  <testcase classname="myPackage.annotations" name="test2" time="0.003"/>
</testsuite> <!-- myPackage.annotations -->
