<?xml version="1.0" encoding="UTF-8"?>
<!-- Generated by org.testng.reporters.JUnitReportReporter -->
<testsuite hostname="Vishwajit" failures="0" tests="3" name="maven.testNG.testCase2" time="0.020" errors="0" timestamp="05 Sep 2024 13:10:35 GMT" skipped="0">
  <testcase classname="maven.testNG.testCase2" name="test3" time="0.005"/>
  <testcase classname="maven.testNG.testCase2" name="test1" time="0.008"/>
  <testcase classname="maven.testNG.testCase2" name="test2" time="0.007"/>
</testsuite> <!-- maven.testNG.testCase2 -->
