<?xml version="1.0" encoding="UTF-8"?>
<!-- Generated by org.testng.reporters.JUnitReportReporter -->
<testsuite hostname="Vishwajit" failures="0" tests="3" name="myPackage.groupMethod" time="0.010" errors="0" timestamp="05 Sep 2024 17:45:44 GMT" skipped="0">
  <testcase classname="myPackage.groupMethod" name="goal" time="0.007"/>
  <testcase classname="myPackage.groupMethod" name="net" time="0.001"/>
  <testcase classname="myPackage.groupMethod" name="plentay" time="0.002"/>
</testsuite> <!-- myPackage.groupMethod -->
