<?xml version="1.0" encoding="UTF-8"?>
<!-- Generated by org.testng.reporters.JUnitReportReporter -->
<testsuite hostname="Vishwajit" failures="0" tests="3" name="testCase.testCase1" time="0.024" errors="0" timestamp="05 Sep 2024 12:12:56 GMT" skipped="0">
  <testcase classname="testCase.testCase1" name="test1" time="0.022"/>
  <testcase classname="testCase.testCase1" name="test3" time="0.001"/>
  <testcase classname="testCase.testCase1" name="test12" time="0.001"/>
</testsuite> <!-- testCase.testCase1 -->
