<?xml version="1.0" encoding="UTF-8"?>
<!-- Generated by org.testng.reporters.JUnitReportReporter -->
<testsuite hostname="Vishwajit" failures="0" tests="3" name="maven.testNG.testCase1" time="0.010" errors="0" timestamp="05 Sep 2024 13:10:35 GMT" skipped="0">
  <testcase classname="maven.testNG.testCase1" name="test1" time="0.002"/>
  <testcase classname="maven.testNG.testCase1" name="test3" time="0.006"/>
  <testcase classname="maven.testNG.testCase1" name="test12" time="0.002"/>
</testsuite> <!-- maven.testNG.testCase1 -->
