<?xml version="1.0" encoding="UTF-8"?>
<!-- Generated by org.testng.reporters.JUnitReportReporter -->
<testsuite hostname="Vishwajit" failures="0" tests="1" name="maven.testNG.trainParameter" time="0.001" errors="0" timestamp="05 Sep 2024 18:55:51 GMT" skipped="0">
  <testcase classname="maven.testNG.trainParameter" name="rajdhani" time="0.001"/>
</testsuite> <!-- maven.testNG.trainParameter -->
